This is pdfTeX, Version 3.14159265-2.6-1.40.17 (MiKTeX 2.9 64-bit) (preloaded format=pdflatex 2016.8.18)  26 AUG 2016 01:37
entering extended mode
**./MCrawley_JFM_2016.tex
(MCrawley_JFM_2016.tex
LaTeX2e <2016/03/31> patch level 1
Babel <3.9r> and hyphenation patterns for 75 language(s) loaded.
(jfm.cls
Document Class: jfm 2006/11/13 v1.27 Journal of Fluid Mechanics document class
("C:\Program Files\MiKTeX 2.9\tex\latex\graphics\graphicx.sty"
Package: graphicx 2014/10/28 v1.0g Enhanced LaTeX Graphics (DPC,SPQR)

("C:\Program Files\MiKTeX 2.9\tex\latex\graphics\keyval.sty"
Package: keyval 2014/10/28 v1.15 key=value parser (DPC)
\KV@toks@=\toks14
)
("C:\Program Files\MiKTeX 2.9\tex\latex\graphics\graphics.sty"
Package: graphics 2016/06/02 v1.0s Standard LaTeX Graphics (DPC,SPQR)

("C:\Program Files\MiKTeX 2.9\tex\latex\graphics\trig.sty"
Package: trig 2016/01/03 v1.10 sin cos tan (DPC)
)
("C:\Program Files\MiKTeX 2.9\tex\latex\00miktex\graphics.cfg"
File: graphics.cfg 2016/06/04 v1.11 sample graphics configuration
)
Package graphics Info: Driver file: pdftex.def on input line 99.

("C:\Program Files\MiKTeX 2.9\tex\latex\pdftex-def\pdftex.def"
File: pdftex.def 2016/06/17 v0.06h Graphics/color for pdfTeX

("C:\Program Files\MiKTeX 2.9\tex\generic\oberdiek\infwarerr.sty"
Package: infwarerr 2016/05/16 v1.4 Providing info/warning/error messages (HO)
)
("C:\Program Files\MiKTeX 2.9\tex\generic\oberdiek\ltxcmds.sty"
Package: ltxcmds 2016/05/16 v1.23 LaTeX kernel commands for general use (HO)
)
\Gread@gobject=\count79
))
\Gin@req@height=\dimen102
\Gin@req@width=\dimen103
)
(C:\Users\liorg\AppData\Roaming\MiKTeX\2.9\tex\latex\etoolbox\etoolbox.sty
Package: etoolbox 2015/08/02 v2.2a e-TeX tools for LaTeX (JAW)
\etb@tempcnta=\count80
)
LaTeX Info: Redefining \textsfbi on input line 184.
LaTeX Font Info:    Redeclaring math alphabet \mathsfbi on input line 184.
LaTeX Font Info:    Overwriting math alphabet `\mathsfbi' in version `normal'
(Font)                  OT1/cmss/m/sl --> T1/phv/b/it on input line 184.
LaTeX Font Info:    Overwriting math alphabet `\mathsfbi' in version `bold'
(Font)                  OT1/cmss/m/sl --> T1/phv/b/it on input line 184.
LaTeX Info: Redefining \textsfbi on input line 188.
LaTeX Font Info:    Redeclaring math alphabet \mathsfbi on input line 188.
LaTeX Font Info:    Overwriting math alphabet `\mathsfbi' in version `normal'
(Font)                  T1/phv/b/it --> OT1/phv/b/it on input line 188.
LaTeX Font Info:    Overwriting math alphabet `\mathsfbi' in version `bold'
(Font)                  T1/phv/b/it --> OT1/phv/b/it on input line 188.
\halflineskip=\skip41
\affilskip=\skip42
\c@part=\count81
\c@section=\count82
\c@subsection=\count83
\c@subsubsection=\count84
\c@paragraph=\count85
\@indentskip=\skip43
\smallindent=\skip44
\@footindent=\skip45
\@leftskip=\skip46
\proofbox=\box26
\rpbdim=\skip47
\@stequation=\toks15
\c@subequation=\count86
\c@table=\count87
\c@figure=\count88
LaTeX Info: Redefining \cite on input line 1157.
\astrutbox=\box27


Found the 'amsbsy' package on the system, using it.

(amsbsy.sty
Package: amsbsy 1995/01/20 v1.2
 (amsgen.sty
File: amsgen.sty 1995/02/01 v1.2a
\@emptytoks=\toks16
\ex@=\dimen104
)
\pmbraise@=\dimen105
)


Found AMS Euler Roman fonts on the system, using the 'upmath' package.

(upmath.sty
Package: upmath 1996/10/20 v1.0 CUP LaTeX2e package
\c@mv@upright=\count89
\c@mv@boldupright=\count90
LaTeX Font Info:    Overwriting symbol font `letters' in version `upright'
(Font)                  OML/cmm/m/it --> OML/eur/m/n on input line 65.
LaTeX Font Info:    Overwriting symbol font `letters' in version `boldupright'
(Font)                  OML/cmm/m/it --> OML/eur/b/n on input line 66.
)


Found AMS Symbol fonts on the system, using the 'amssymb' package.

(amssymb.sty
Package: amssymb 1995/02/01 v2.2a
 (amsfonts.sty
Package: amsfonts 1995/02/01 v2.2b
\symAMSa=\mathgroup4
\symAMSb=\mathgroup5
LaTeX Font Info:    Overwriting math alphabet `\mathfrak' in version `bold'
(Font)                  U/euf/m/n --> U/euf/b/n on input line 128.
)))
("C:\Program Files\MiKTeX 2.9\tex\latex\oberdiek\epstopdf.sty"
Package: epstopdf 2016/05/15 v2.6 Conversion with epstopdf on the fly (HO)

("C:\Program Files\MiKTeX 2.9\tex\latex\oberdiek\epstopdf-base.sty"
Package: epstopdf-base 2016/05/15 v2.6 Base part for package epstopdf

("C:\Program Files\MiKTeX 2.9\tex\latex\oberdiek\grfext.sty"
Package: grfext 2016/05/16 v1.2 Manage graphics extensions (HO)

("C:\Program Files\MiKTeX 2.9\tex\generic\oberdiek\kvdefinekeys.sty"
Package: kvdefinekeys 2016/05/16 v1.4 Define keys (HO)
))
("C:\Program Files\MiKTeX 2.9\tex\latex\oberdiek\kvoptions.sty"
Package: kvoptions 2016/05/16 v3.12 Key value format for package options (HO)

("C:\Program Files\MiKTeX 2.9\tex\generic\oberdiek\kvsetkeys.sty"
Package: kvsetkeys 2016/05/16 v1.17 Key value parser (HO)

("C:\Program Files\MiKTeX 2.9\tex\generic\oberdiek\etexcmds.sty"
Package: etexcmds 2016/05/16 v1.6 Avoid name clashes with e-TeX commands (HO)

("C:\Program Files\MiKTeX 2.9\tex\generic\oberdiek\ifluatex.sty"
Package: ifluatex 2016/05/16 v1.4 Provides the ifluatex switch (HO)
Package ifluatex Info: LuaTeX not detected.
)
Package etexcmds Info: Could not find \expanded.
(etexcmds)             That can mean that you are not using pdfTeX 1.50 or
(etexcmds)             that some package has redefined \expanded.
(etexcmds)             In the latter case, load this package earlier.
)))
("C:\Program Files\MiKTeX 2.9\tex\generic\oberdiek\pdftexcmds.sty"
Package: pdftexcmds 2016/05/21 v0.22 Utility functions of pdfTeX for LuaTeX (HO
)

("C:\Program Files\MiKTeX 2.9\tex\generic\oberdiek\ifpdf.sty"
Package: ifpdf 2016/05/14 v3.1 Provides the ifpdf switch
)
Package pdftexcmds Info: LuaTeX not detected.
Package pdftexcmds Info: \pdf@primitive is available.
Package pdftexcmds Info: \pdf@ifprimitive is available.
Package pdftexcmds Info: \pdfdraftmode found.
)
Package epstopdf-base Info: Redefining graphics rule for `.eps' on input line 4
38.
Package grfext Info: Graphics extension search list:
(grfext)             [.png,.pdf,.jpg,.mps,.jpeg,.jbig2,.jb2,.PNG,.PDF,.JPG,.JPE
G,.JBIG2,.JB2,.eps]
(grfext)             \AppendGraphicsExtensions on input line 456.
))
("C:\Program Files\MiKTeX 2.9\tex\latex\graphics\epsfig.sty"
Package: epsfig 1999/02/16 v1.7a (e)psfig emulation (SPQR)
\epsfxsize=\dimen106
\epsfysize=\dimen107
)
(C:\Users\liorg\AppData\Roaming\MiKTeX\2.9\tex\latex\subfigure\subfigure.sty
Package: subfigure 2002/07/30 v2.1.4 subfigure package
\subfigtopskip=\skip48
\subfigcapskip=\skip49
\subfigcaptopadj=\dimen108
\subfigbottomskip=\skip50
\subfigcapmargin=\dimen109
\subfiglabelskip=\skip51
\c@subfigure=\count91
\c@lofdepth=\count92
\c@subtable=\count93
\c@lotdepth=\count94

****************************************
* Local config file subfigure.cfg used *
****************************************
(C:\Users\liorg\AppData\Roaming\MiKTeX\2.9\tex\latex\subfigure\subfigure.cfg)
\subfig@top=\skip52
\subfig@bottom=\skip53
)
("C:\Program Files\MiKTeX 2.9\tex\latex\graphics\color.sty"
Package: color 2016/06/02 v1.1d Standard LaTeX Color (DPC)

("C:\Program Files\MiKTeX 2.9\tex\latex\00miktex\color.cfg"
File: color.cfg 2016/01/02 v1.6 sample color configuration
)
Package color Info: Driver file: pdftex.def on input line 147.
) (natbib.sty
Package: natbib 2000/07/24 7.0a (PWD)
\bibhang=\skip54
\bibsep=\skip55
LaTeX Info: Redefining \cite on input line 508.
\c@NAT@ctr=\count95
)
(MCrawley_JFM_2016.aux (sect_introduction.aux) (sect_methodology.aux)
(sect_nearfield.aux) (sect_velocity_reconstruction.aux)
(sect_acoustic_source.aux) (sect_conclusion.aux))
\openout1 = `MCrawley_JFM_2016.aux'.

LaTeX Font Info:    Checking defaults for OML/cmm/m/it on input line 33.
LaTeX Font Info:    ... okay on input line 33.
LaTeX Font Info:    Checking defaults for T1/cmr/m/n on input line 33.
LaTeX Font Info:    ... okay on input line 33.
LaTeX Font Info:    Checking defaults for OT1/cmr/m/n on input line 33.
LaTeX Font Info:    ... okay on input line 33.
LaTeX Font Info:    Checking defaults for OMS/cmsy/m/n on input line 33.
LaTeX Font Info:    ... okay on input line 33.
LaTeX Font Info:    Checking defaults for OMX/cmex/m/n on input line 33.
LaTeX Font Info:    ... okay on input line 33.
LaTeX Font Info:    Checking defaults for U/cmr/m/n on input line 33.
LaTeX Font Info:    ... okay on input line 33.

(C:\Users\liorg\AppData\Roaming\MiKTeX\2.9\tex\context\base\supp-pdf.mkii
[Loading MPS to PDF converter (version 2006.09.02).]
\scratchcounter=\count96
\scratchdimen=\dimen110
\scratchbox=\box28
\nofMPsegments=\count97
\nofMParguments=\count98
\everyMPshowfont=\toks17
\MPscratchCnt=\count99
\MPscratchDim=\dimen111
\MPnumerator=\count100
\makeMPintoPDFobject=\count101
\everyMPtoPDFconversion=\toks18
)
LaTeX Font Info:    Try loading font information for U+msa on input line 36.
 ("C:\Program Files\MiKTeX 2.9\tex\latex\amsfonts\umsa.fd"
File: umsa.fd 2013/01/14 v3.01 AMS symbols A
)
LaTeX Font Info:    Try loading font information for U+msb on input line 36.

("C:\Program Files\MiKTeX 2.9\tex\latex\amsfonts\umsb.fd"
File: umsb.fd 2013/01/14 v3.01 AMS symbols B
)
Underfull \hbox (badness 10000) has occurred while \output is active

 []

[1{C:/Users/liorg/AppData/Local/MiKTeX/2.9/pdftex/config/pdftex.map}
Non-PDF special ignored!]
\openout2 = `sect_introduction.aux'.

 (sect_introduction.tex

Package natbib Warning: Citation `Phillips1960' on page 2 undefined on input li
ne 23.


Package natbib Warning: Citation `Lilley1974' on page 2 undefined on input line
 23.


Package natbib Warning: Citation `Goldstein2003' on page 2 undefined on input l
ine 23.


Underfull \vbox (badness 10000) has occurred while \output is active []

 [2

])
[3]
\openout2 = `sect_methodology.aux'.

 (sect_methodology.tex
Missing character: There is no ã in font cmr10!
Missing character: There is no € in font cmr10!
Missing character: There is no – in font cmr10!
Missing character: There is no ã in font cmr10!
Missing character: There is no € in font cmr10!
Missing character: There is no — in font cmr10!
Missing character: There is no Î in font cmr10!
Missing character: There is no ¼ in font cmr10!
 [4


] [5]
Package epstopdf Info: Source file: <Figures/ch2_piv_setup.eps>
(epstopdf)                    date: 2016-08-19 14:31:15
(epstopdf)                    size: 400257 bytes
(epstopdf)             Output file: <Figures/ch2_piv_setup-eps-converted-to.pdf
>
(epstopdf)                    date: 2016-08-19 14:31:15
(epstopdf)                    size: 133535 bytes
(epstopdf)             Command: <epstopdf --outfile=Figures/ch2_piv_setup-eps-c
onverted-to.pdf Figures/ch2_piv_setup.eps>
(epstopdf)             \includegraphics on input line 90.
Package epstopdf Info: Output file is already uptodate.

<Figures/ch2_piv_setup-eps-converted-to.pdf, id=31, 1111.15125pt x 652.4375pt>
File: Figures/ch2_piv_setup-eps-converted-to.pdf Graphic file (type pdf)

<use Figures/ch2_piv_setup-eps-converted-to.pdf>
Package pdftex.def Info: Figures/ch2_piv_setup-eps-converted-to.pdf used on inp
ut line 90.
(pdftex.def)             Requested size: 289.07999pt x 169.73926pt.
) [6] [7 <./Figures/ch2_piv_setup-eps-converted-to.pdf>]
\openout2 = `sect_nearfield.aux'.

 (sect_nearfield.tex
<Figures/ch3_nearfield_phavg_v2.png, id=43, 331.7193pt x 226.32555pt>
File: Figures/ch3_nearfield_phavg_v2.png Graphic file (type png)

<use Figures/ch3_nearfield_phavg_v2.png>
Package pdftex.def Info: Figures/ch3_nearfield_phavg_v2.png used on input line 
19.
(pdftex.def)             Requested size: 172.79883pt x 117.9006pt.

<Figures/ch3_nearfield_linear_v2.png, id=45, 325.6968pt x 226.32555pt>
File: Figures/ch3_nearfield_linear_v2.png Graphic file (type png)

<use Figures/ch3_nearfield_linear_v2.png>
Package pdftex.def Info: Figures/ch3_nearfield_linear_v2.png used on input line
 25.
(pdftex.def)             Requested size: 172.79883pt x 120.07973pt.
LaTeX Font Info:    Try loading font information for OMS+cmr on input line 39.

("C:\Program Files\MiKTeX 2.9\tex\latex\base\omscmr.fd"
File: omscmr.fd 2014/09/29 v2.5h Standard LaTeX font definitions
)
LaTeX Font Info:    Font shape `OMS/cmr/m/n' in size <10> not available
(Font)              Font shape `OMS/cmsy/m/n' tried instead on input line 39.
 [8


 <./Figures/ch3_nearfield_phavg_v2.png> <./Figures/ch3_nearfield_linear_v2.png>
]
<Figures/ch3_farfield_phavg_v2.png, id=54, 321.1197pt x 228.49365pt>
File: Figures/ch3_farfield_phavg_v2.png Graphic file (type png)

<use Figures/ch3_farfield_phavg_v2.png>
Package pdftex.def Info: Figures/ch3_farfield_phavg_v2.png used on input line 5
1.
(pdftex.def)             Requested size: 172.79883pt x 122.95589pt.

<Figures/ch3_farfield_linear_v2.png, id=55, 315.21765pt x 228.6141pt>
File: Figures/ch3_farfield_linear_v2.png Graphic file (type png)

<use Figures/ch3_farfield_linear_v2.png>
Package pdftex.def Info: Figures/ch3_farfield_linear_v2.png used on input line 
57.
(pdftex.def)             Requested size: 172.79883pt x 125.3265pt.

<Figures/ch3_farfield_linearsuperposition_st035_v2.png, id=56, 316.18124pt x 20
6.2104pt>
File: Figures/ch3_farfield_linearsuperposition_st035_v2.png Graphic file (type 
png)
 <use Figures/ch3_farfield_linearsuperposition_st035_v2.png>
Package pdftex.def Info: Figures/ch3_farfield_linearsuperposition_st035_v2.png 
used on input line 74.
(pdftex.def)             Requested size: 172.79883pt x 112.69865pt.

Underfull \vbox (badness 1838) has occurred while \output is active []

 [9 <./Figures/ch3_farfield_phavg_v2.png> <./Figures/ch3_farfield_linear_v2.png
>]
<Figures/sect_nearfield_spectra.png, id=63, 411.4572pt x 272.4579pt>
File: Figures/sect_nearfield_spectra.png Graphic file (type png)

<use Figures/sect_nearfield_spectra.png>
Package pdftex.def Info: Figures/sect_nearfield_spectra.png used on input line 
89.
(pdftex.def)             Requested size: 168.96094pt x 111.8789pt.

<Figures/sect_nearfield_prms.png, id=64, 428.802pt x 271.4943pt>
File: Figures/sect_nearfield_prms.png Graphic file (type png)

<use Figures/sect_nearfield_prms.png>
Package pdftex.def Info: Figures/sect_nearfield_prms.png used on input line 90.

(pdftex.def)             Requested size: 176.64258pt x 111.83948pt.
 [10 <./Figures/ch3_farfield_linearsuperposition_st035_v2.png> <./Figures/sect_
nearfield_spectra.png> <./Figures/sect_nearfield_prms.png>]

Package natbib Warning: Citation `Camussi1997b' on page 11 undefined on input l
ine 102.


Package natbib Warning: Citation `Guj1999' on page 11 undefined on input line 1
02.


Package natbib Warning: Citation `Camussi2002' on page 11 undefined on input li
ne 102.


Package natbib Warning: Citation `Guj2003' on page 11 undefined on input line 1
02.


Underfull \vbox (badness 10000) has occurred while \output is active []

 [11]
Package epstopdf Info: Source file: <Figures/negativePeak.eps>
(epstopdf)                    date: 2016-08-19 14:31:21
(epstopdf)                    size: 243524 bytes
(epstopdf)             Output file: <Figures/negativePeak-eps-converted-to.pdf>

(epstopdf)                    date: 2016-08-19 14:31:21
(epstopdf)                    size: 10226 bytes
(epstopdf)             Command: <epstopdf --outfile=Figures/negativePeak-eps-co
nverted-to.pdf Figures/negativePeak.eps>
(epstopdf)             \includegraphics on input line 129.
Package epstopdf Info: Output file is already uptodate.

<Figures/negativePeak-eps-converted-to.pdf, id=76, 490.83376pt x 355.3275pt>
File: Figures/negativePeak-eps-converted-to.pdf Graphic file (type pdf)

<use Figures/negativePeak-eps-converted-to.pdf>
Package pdftex.def Info: Figures/negativePeak-eps-converted-to.pdf used on inpu
t line 129.
(pdftex.def)             Requested size: 172.79883pt x 125.093pt.
Package epstopdf Info: Source file: <Figures/positivePeak.eps>
(epstopdf)                    date: 2016-08-19 14:31:21
(epstopdf)                    size: 243521 bytes
(epstopdf)             Output file: <Figures/positivePeak-eps-converted-to.pdf>

(epstopdf)                    date: 2016-08-19 14:31:21
(epstopdf)                    size: 10235 bytes
(epstopdf)             Command: <epstopdf --outfile=Figures/positivePeak-eps-co
nverted-to.pdf Figures/positivePeak.eps>
(epstopdf)             \includegraphics on input line 130.
Package epstopdf Info: Output file is already uptodate.

<Figures/positivePeak-eps-converted-to.pdf, id=77, 490.83376pt x 355.3275pt>
File: Figures/positivePeak-eps-converted-to.pdf Graphic file (type pdf)

<use Figures/positivePeak-eps-converted-to.pdf>
Package pdftex.def Info: Figures/positivePeak-eps-converted-to.pdf used on inpu
t line 130.
(pdftex.def)             Requested size: 172.79883pt x 125.093pt.
Package epstopdf Info: Source file: <Figures/compPeaks.eps>
(epstopdf)                    date: 2016-08-19 14:31:21
(epstopdf)                    size: 246963 bytes
(epstopdf)             Output file: <Figures/compPeaks-eps-converted-to.pdf>
(epstopdf)                    date: 2016-08-19 14:31:21
(epstopdf)                    size: 11338 bytes
(epstopdf)             Command: <epstopdf --outfile=Figures/compPeaks-eps-conve
rted-to.pdf Figures/compPeaks.eps>
(epstopdf)             \includegraphics on input line 131.
Package epstopdf Info: Output file is already uptodate.

<Figures/compPeaks-eps-converted-to.pdf, id=78, 490.83376pt x 355.3275pt>
File: Figures/compPeaks-eps-converted-to.pdf Graphic file (type pdf)

<use Figures/compPeaks-eps-converted-to.pdf>
Package pdftex.def Info: Figures/compPeaks-eps-converted-to.pdf used on input l
ine 131.
(pdftex.def)             Requested size: 172.79883pt x 125.093pt.

Underfull \vbox (badness 10000) has occurred while \output is active []

 [12 <./Figures/negativePeak-eps-converted-to.pdf> <./Figures/positivePeak-eps-
converted-to.pdf> <./Figures/compPeaks-eps-converted-to.pdf>]
Package epstopdf Info: Source file: <Figures/condNcond.eps>
(epstopdf)                    date: 2016-08-19 14:31:21
(epstopdf)                    size: 193155 bytes
(epstopdf)             Output file: <Figures/condNcond-eps-converted-to.pdf>
(epstopdf)                    date: 2016-08-19 14:31:21
(epstopdf)                    size: 11485 bytes
(epstopdf)             Command: <epstopdf --outfile=Figures/condNcond-eps-conve
rted-to.pdf Figures/condNcond.eps>
(epstopdf)             \includegraphics on input line 150.
Package epstopdf Info: Output file is already uptodate.

<Figures/condNcond-eps-converted-to.pdf, id=145, 1445.4pt x 689.57625pt>
File: Figures/condNcond-eps-converted-to.pdf Graphic file (type pdf)

<use Figures/condNcond-eps-converted-to.pdf>
Package pdftex.def Info: Figures/condNcond-eps-converted-to.pdf used on input l
ine 150.
(pdftex.def)             Requested size: 384.0pt x 183.1998pt.

<Figures/conditioning/autoCondSt0p00.png, id=146, 843.90282pt x 460.72125pt>
File: Figures/conditioning/autoCondSt0p00.png Graphic file (type png)

<use Figures/conditioning/autoCondSt0p00.png>
Package pdftex.def Info: Figures/conditioning/autoCondSt0p00.png used on input 
line 159.
(pdftex.def)             Requested size: 384.0pt x 209.64255pt.
 [13 <./Figures/condNcond-eps-converted-to.pdf>]
<Figures/conditioning/autoCondSt0p05.png, id=164, 843.90282pt x 460.72125pt>
File: Figures/conditioning/autoCondSt0p05.png Graphic file (type png)

<use Figures/conditioning/autoCondSt0p05.png>
Package pdftex.def Info: Figures/conditioning/autoCondSt0p05.png used on input 
line 168.
(pdftex.def)             Requested size: 384.0pt x 209.64255pt.

<Figures/conditioning/autoCondSt0p25.png, id=165, 843.90282pt x 460.72125pt>
File: Figures/conditioning/autoCondSt0p25.png Graphic file (type png)

<use Figures/conditioning/autoCondSt0p25.png>
Package pdftex.def Info: Figures/conditioning/autoCondSt0p25.png used on input 
line 176.
(pdftex.def)             Requested size: 384.0pt x 209.64255pt.
 [14 <./Figures/conditioning/autoCondSt0p00.png (PNG copy)> <./Figures/conditio
ning/autoCondSt0p05.png (PNG copy)>]
<Figures/conditioning/autoCondSt0p35.png, id=169, 843.90282pt x 461.47406pt>
File: Figures/conditioning/autoCondSt0p35.png Graphic file (type png)

<use Figures/conditioning/autoCondSt0p35.png>
Package pdftex.def Info: Figures/conditioning/autoCondSt0p35.png used on input 
line 183.
(pdftex.def)             Requested size: 384.0pt x 209.98509pt.

<Figures/conditioning/crossCondSt0p00X1DU0p7112.png, id=170, 843.90282pt x 460.
72125pt>
File: Figures/conditioning/crossCondSt0p00X1DU0p7112.png Graphic file (type png
)
 <use Figures/conditioning/crossCondSt0p00X1DU0p7112.png>
Package pdftex.def Info: Figures/conditioning/crossCondSt0p00X1DU0p7112.png use
d on input line 193.
(pdftex.def)             Requested size: 172.79883pt x 94.33598pt.

<Figures/conditioning/crossCondSt0p00X3DU0p6806.png, id=171, 843.90282pt x 460.
72125pt>
File: Figures/conditioning/crossCondSt0p00X3DU0p6806.png Graphic file (type png
)
 <use Figures/conditioning/crossCondSt0p00X3DU0p6806.png>
Package pdftex.def Info: Figures/conditioning/crossCondSt0p00X3DU0p6806.png use
d on input line 199.
(pdftex.def)             Requested size: 172.79883pt x 94.33598pt.

<Figures/conditioning/crossCondSt0p00X6DU0p6430.png, id=172, 843.90282pt x 460.
72125pt>
File: Figures/conditioning/crossCondSt0p00X6DU0p6430.png Graphic file (type png
)
 <use Figures/conditioning/crossCondSt0p00X6DU0p6430.png>
Package pdftex.def Info: Figures/conditioning/crossCondSt0p00X6DU0p6430.png use
d on input line 205.
(pdftex.def)             Requested size: 172.79883pt x 94.33598pt.

<Figures/conditioning/crossCondSt0p00X9p5DU0p5873.png, id=173, 843.90282pt x 46
0.72125pt>
File: Figures/conditioning/crossCondSt0p00X9p5DU0p5873.png Graphic file (type p
ng)
 <use Figures/conditioning/crossCondSt0p00X9p5DU0p5873.png>
Package pdftex.def Info: Figures/conditioning/crossCondSt0p00X9p5DU0p5873.png u
sed on input line 211.
(pdftex.def)             Requested size: 172.79883pt x 94.33598pt.

<Figures/conditioning/crossCondSt0p05X1DU0p7060.png, id=174, 843.90282pt x 460.
72125pt>
File: Figures/conditioning/crossCondSt0p05X1DU0p7060.png Graphic file (type png
)
 <use Figures/conditioning/crossCondSt0p05X1DU0p7060.png>
Package pdftex.def Info: Figures/conditioning/crossCondSt0p05X1DU0p7060.png use
d on input line 223.
(pdftex.def)             Requested size: 172.79883pt x 94.33598pt.

<Figures/conditioning/crossCondSt0p05X3DU0p6962.png, id=175, 843.90282pt x 460.
72125pt>
File: Figures/conditioning/crossCondSt0p05X3DU0p6962.png Graphic file (type png
)
 <use Figures/conditioning/crossCondSt0p05X3DU0p6962.png>
Package pdftex.def Info: Figures/conditioning/crossCondSt0p05X3DU0p6962.png use
d on input line 229.
(pdftex.def)             Requested size: 172.79883pt x 94.33598pt.

<Figures/conditioning/crossCondSt0p05X6DU0p7054.png, id=176, 843.90282pt x 460.
72125pt>
File: Figures/conditioning/crossCondSt0p05X6DU0p7054.png Graphic file (type png
)
 <use Figures/conditioning/crossCondSt0p05X6DU0p7054.png>
Package pdftex.def Info: Figures/conditioning/crossCondSt0p05X6DU0p7054.png use
d on input line 235.
(pdftex.def)             Requested size: 172.79883pt x 94.33598pt.

<Figures/conditioning/crossCondSt0p05X9p5DU0p4585.png, id=177, 843.90282pt x 46
0.72125pt>
File: Figures/conditioning/crossCondSt0p05X9p5DU0p4585.png Graphic file (type p
ng)
 <use Figures/conditioning/crossCondSt0p05X9p5DU0p4585.png>
Package pdftex.def Info: Figures/conditioning/crossCondSt0p05X9p5DU0p4585.png u
sed on input line 241.
(pdftex.def)             Requested size: 172.79883pt x 94.33598pt.

<Figures/conditioning/crossCondSt0p25X1DU0p6223.png, id=178, 843.90282pt x 460.
72125pt>
File: Figures/conditioning/crossCondSt0p25X1DU0p6223.png Graphic file (type png
)
 <use Figures/conditioning/crossCondSt0p25X1DU0p6223.png>
Package pdftex.def Info: Figures/conditioning/crossCondSt0p25X1DU0p6223.png use
d on input line 253.
(pdftex.def)             Requested size: 172.79883pt x 94.33598pt.

<Figures/conditioning/crossCondSt0p25X3DU0p6647.png, id=179, 843.90282pt x 460.
72125pt>
File: Figures/conditioning/crossCondSt0p25X3DU0p6647.png Graphic file (type png
)
 <use Figures/conditioning/crossCondSt0p25X3DU0p6647.png>
Package pdftex.def Info: Figures/conditioning/crossCondSt0p25X3DU0p6647.png use
d on input line 259.
(pdftex.def)             Requested size: 172.79883pt x 94.33598pt.

<Figures/conditioning/crossCondSt0p25X6DU0p7505.png, id=180, 843.90282pt x 461.
47406pt>
File: Figures/conditioning/crossCondSt0p25X6DU0p7505.png Graphic file (type png
)
 <use Figures/conditioning/crossCondSt0p25X6DU0p7505.png>
Package pdftex.def Info: Figures/conditioning/crossCondSt0p25X6DU0p7505.png use
d on input line 265.
(pdftex.def)             Requested size: 172.79883pt x 94.49013pt.

<Figures/conditioning/crossCondSt0p25X9p5DU0p3901.png, id=181, 843.90282pt x 46
1.47406pt>
File: Figures/conditioning/crossCondSt0p25X9p5DU0p3901.png Graphic file (type p
ng)
 <use Figures/conditioning/crossCondSt0p25X9p5DU0p3901.png>
Package pdftex.def Info: Figures/conditioning/crossCondSt0p25X9p5DU0p3901.png u
sed on input line 271.
(pdftex.def)             Requested size: 172.79883pt x 94.49013pt.

<Figures/conditioning/crossCondSt0p35X1DU0p6502.png, id=182, 843.90282pt x 461.
47406pt>
File: Figures/conditioning/crossCondSt0p35X1DU0p6502.png Graphic file (type png
)
 <use Figures/conditioning/crossCondSt0p35X1DU0p6502.png>
Package pdftex.def Info: Figures/conditioning/crossCondSt0p35X1DU0p6502.png use
d on input line 283.
(pdftex.def)             Requested size: 172.79883pt x 94.49013pt.

<Figures/conditioning/crossCondSt0p35X3DU0p7053.png, id=183, 843.90282pt x 461.
47406pt>
File: Figures/conditioning/crossCondSt0p35X3DU0p7053.png Graphic file (type png
)
 <use Figures/conditioning/crossCondSt0p35X3DU0p7053.png>
Package pdftex.def Info: Figures/conditioning/crossCondSt0p35X3DU0p7053.png use
d on input line 289.
(pdftex.def)             Requested size: 172.79883pt x 94.49013pt.

<Figures/conditioning/crossCondSt0p35X6DU0p4709.png, id=184, 843.90282pt x 461.
47406pt>
File: Figures/conditioning/crossCondSt0p35X6DU0p4709.png Graphic file (type png
)
 <use Figures/conditioning/crossCondSt0p35X6DU0p4709.png>
Package pdftex.def Info: Figures/conditioning/crossCondSt0p35X6DU0p4709.png use
d on input line 295.
(pdftex.def)             Requested size: 172.79883pt x 94.49013pt.

<Figures/conditioning/crossCondSt0p35X9p5DU0p3532.png, id=185, 843.90282pt x 46
1.47406pt>
File: Figures/conditioning/crossCondSt0p35X9p5DU0p3532.png Graphic file (type p
ng)
 <use Figures/conditioning/crossCondSt0p35X9p5DU0p3532.png>
Package pdftex.def Info: Figures/conditioning/crossCondSt0p35X9p5DU0p3532.png u
sed on input line 301.
(pdftex.def)             Requested size: 172.79883pt x 94.49013pt.
 [15 <./Figures/conditioning/autoCondSt0p25.png (PNG copy)> <./Figures/conditio
ning/autoCondSt0p35.png (PNG copy)>]
Package epstopdf Info: Source file: <Figures/conditioning/fluctuationVelocity.e
ps>
(epstopdf)                    date: 2016-08-18 20:08:41
(epstopdf)                    size: 99839 bytes
(epstopdf)             Output file: <Figures/conditioning/fluctuationVelocity-e
ps-converted-to.pdf>
(epstopdf)                    date: 2016-08-26 00:11:21
(epstopdf)                    size: 5606 bytes
(epstopdf)             Command: <epstopdf --outfile=Figures/conditioning/fluctu
ationVelocity-eps-converted-to.pdf Figures/conditioning/fluctuationVelocity.eps
>
(epstopdf)             \includegraphics on input line 313.
Package epstopdf Info: Output file is already uptodate.

<Figures/conditioning/fluctuationVelocity-eps-converted-to.pdf, id=189, 844.153
75pt x 461.725pt>
File: Figures/conditioning/fluctuationVelocity-eps-converted-to.pdf Graphic fil
e (type pdf)

<use Figures/conditioning/fluctuationVelocity-eps-converted-to.pdf>
Package pdftex.def Info: Figures/conditioning/fluctuationVelocity-eps-converted
-to.pdf used on input line 313.
(pdftex.def)             Requested size: 384.0pt x 210.03589pt.
 [16 <./Figures/conditioning/crossCondSt0p00X1DU0p7112.png (PNG copy)> <./Figur
es/conditioning/crossCondSt0p00X3DU0p6806.png (PNG copy)> <./Figures/conditioni
ng/crossCondSt0p00X6DU0p6430.png (PNG copy)> <./Figures/conditioning/crossCondS
t0p00X9p5DU0p5873.png (PNG copy)> <./Figures/conditioning/crossCondSt0p05X1DU0p
7060.png (PNG copy)> <./Figures/conditioning/crossCondSt0p05X3DU0p6962.png (PNG
 copy)> <./Figures/conditioning/crossCondSt0p05X6DU0p7054.png (PNG copy)> <./Fi
gures/conditioning/crossCondSt0p05X9p5DU0p4585.png (PNG copy)>] [17 <./Figures/
conditioning/crossCondSt0p25X1DU0p6223.png (PNG copy)> <./Figures/conditioning/
crossCondSt0p25X3DU0p6647.png (PNG copy)> <./Figures/conditioning/crossCondSt0p
25X6DU0p7505.png (PNG copy)> <./Figures/conditioning/crossCondSt0p25X9p5DU0p390
1.png (PNG copy)> <./Figures/conditioning/crossCondSt0p35X1DU0p6502.png (PNG co
py)> <./Figures/conditioning/crossCondSt0p35X3DU0p7053.png (PNG copy)> <./Figur
es/conditioning/crossCondSt0p35X6DU0p4709.png (PNG copy)> <./Figures/conditioni
ng/crossCondSt0p35X9p5DU0p3532.png (PNG copy)>]
<Figures/sect_nearfield_fullxcorr.png, id=196, 299.1978pt x 251.4996pt>
File: Figures/sect_nearfield_fullxcorr.png Graphic file (type png)

<use Figures/sect_nearfield_fullxcorr.png>
Package pdftex.def Info: Figures/sect_nearfield_fullxcorr.png used on input lin
e 348.
(pdftex.def)             Requested size: 182.40234pt x 153.32626pt.

<Figures/sect_nearfield_acousticxcorr.png, id=197, 251.9814pt x 251.0178pt>
File: Figures/sect_nearfield_acousticxcorr.png Graphic file (type png)

<use Figures/sect_nearfield_acousticxcorr.png>
Package pdftex.def Info: Figures/sect_nearfield_acousticxcorr.png used on input
 line 349.
(pdftex.def)             Requested size: 153.98438pt x 153.40024pt.
 [18 <./Figures/conditioning/fluctuationVelocity-eps-converted-to.pdf>] [19 <./
Figures/sect_nearfield_fullxcorr.png> <./Figures/sect_nearfield_acousticxcorr.p
ng>]
<Figures/ToA_tau.png, id=214, 514.13821pt x 259.03296pt>
File: Figures/ToA_tau.png Graphic file (type png)

<use Figures/ToA_tau.png>
Package pdftex.def Info: Figures/ToA_tau.png used on input line 376.
(pdftex.def)             Requested size: 216.81pt x 109.23181pt.
Missing character: There is no â in font cmr10!
Missing character: There is no € in font cmr10!
Missing character: There is no “ in font cmr10!

<Figures/sect_nearfield_ffxcorr.png, id=215, 475.5366pt x 340.3917pt>
File: Figures/sect_nearfield_ffxcorr.png Graphic file (type png)

<use Figures/sect_nearfield_ffxcorr.png>
Package pdftex.def Info: Figures/sect_nearfield_ffxcorr.png used on input line 
393.
(pdftex.def)             Requested size: 384.0pt x 274.86914pt.
 [20 <./Figures/ToA_tau.png>]

LaTeX Warning: Reference `fig:ch3_farfield_linear' on page 21 undefined on inpu
t line 399.

) [21 <./Figures/sect_nearfield_ffxcorr.png>] [22]
\openout2 = `sect_velocity_reconstruction.aux'.


(sect_velocity_reconstruction.tex [23


] [24]
<Figures/ch4_St005_lambda.png, id=233, 517.09184pt x 524.6802pt>
File: Figures/ch4_St005_lambda.png Graphic file (type png)

<use Figures/ch4_St005_lambda.png>
Package pdftex.def Info: Figures/ch4_St005_lambda.png used on input line 64.
(pdftex.def)             Requested size: 361.34999pt x 366.66519pt.

<Figures/ch4_centerline_mach_temporal.png, id=234, 385.07864pt x 202.71735pt>
File: Figures/ch4_centerline_mach_temporal.png Graphic file (type png)

<use Figures/ch4_centerline_mach_temporal.png>
Package pdftex.def Info: Figures/ch4_centerline_mach_temporal.png used on input
 line 77.
(pdftex.def)             Requested size: 252.94499pt x 133.16284pt.

<Figures/ch4_rawUx_acceleration.png, id=235, 384.59685pt x 204.0423pt>
File: Figures/ch4_rawUx_acceleration.png Graphic file (type png)

<use Figures/ch4_rawUx_acceleration.png>
Package pdftex.def Info: Figures/ch4_rawUx_acceleration.png used on input line 
83.
(pdftex.def)             Requested size: 252.94499pt x 134.19507pt.


LaTeX Warning: Reference `fig:ch4_centerlinemach_temporal' on page 25 undefined
 on input line 91.


LaTeX Warning: Reference `fig:ch4_St005_rawUx_snapshot' on page 25 undefined on
 input line 92.

[25] <Figures/ch4_St025_lambda.png, id=240, 594.5412pt x 655.0071pt>
File: Figures/ch4_St025_lambda.png Graphic file (type png)

<use Figures/ch4_St025_lambda.png>
Package pdftex.def Info: Figures/ch4_St025_lambda.png used on input line 114.
(pdftex.def)             Requested size: 361.34999pt x 398.10452pt.
 [26 <./Figures/ch4_St005_lambda.png>]
[27 <./Figures/ch4_centerline_mach_temporal.png> <./Figures/ch4_rawUx_accelerat
ion.png>]

LaTeX Warning: Reference `fig:ch4_centerlinemach_temporal' on page 28 undefined
 on input line 129.

[28 <./Figures/ch4_St025_lambda.png>]
<Figures/ch4_St035_lambda_evolution.png, id=254, 589.2414pt x 502.7583pt>
File: Figures/ch4_St035_lambda_evolution.png Graphic file (type png)

<use Figures/ch4_St035_lambda_evolution.png>
Package pdftex.def Info: Figures/ch4_St035_lambda_evolution.png used on input l
ine 147.
(pdftex.def)             Requested size: 361.34999pt x 308.3238pt.
) [29] [30 <./Figures/ch4_St035_lambda_evolution.png>]
\openout2 = `sect_acoustic_source.aux'.

 (sect_acoustic_source.tex [31


]
<Figures/LES_phavg_streamwise_Ur.png, id=266, 380.1402pt x 199.7061pt>
File: Figures/LES_phavg_streamwise_Ur.png Graphic file (type png)

<use Figures/LES_phavg_streamwise_Ur.png>
Package pdftex.def Info: Figures/LES_phavg_streamwise_Ur.png used on input line
 65.
(pdftex.def)             Requested size: 230.40234pt x 121.04349pt.

<Figures/LES_phavg_streamwise_p.png, id=267, 380.1402pt x 199.7061pt>
File: Figures/LES_phavg_streamwise_p.png Graphic file (type png)

<use Figures/LES_phavg_streamwise_p.png>
Package pdftex.def Info: Figures/LES_phavg_streamwise_p.png used on input line 
70.
(pdftex.def)             Requested size: 230.40234pt x 121.04349pt.

<Figures/LES_2CDil.png, id=268, 380.1402pt x 203.8014pt>
File: Figures/LES_2CDil.png Graphic file (type png)

<use Figures/LES_2CDil.png>
Package pdftex.def Info: Figures/LES_2CDil.png used on input line 87.
(pdftex.def)             Requested size: 230.40234pt x 123.52567pt.

<Figures/LES_3CDil.png, id=269, 380.1402pt x 203.8014pt>
File: Figures/LES_3CDil.png Graphic file (type png)

<use Figures/LES_3CDil.png>
Package pdftex.def Info: Figures/LES_3CDil.png used on input line 92.
(pdftex.def)             Requested size: 230.40234pt x 123.52567pt.
 [32] [33 <./Figures/LES_phavg_streamwise_Ur.png> <./Figures/LES_phavg_streamwi
se_p.png> <./Figures/LES_2CDil.png> <./Figures/LES_3CDil.png>] <Figures/ch5_val
id_Inst_Uz.png, id=280, 393.99194pt x 199.947pt>
File: Figures/ch5_valid_Inst_Uz.png Graphic file (type png)

<use Figures/ch5_valid_Inst_Uz.png>
Package pdftex.def Info: Figures/ch5_valid_Inst_Uz.png used on input line 129.
(pdftex.def)             Requested size: 172.79883pt x 87.6932pt.

<Figures/ch5_valid_Inst_Ur.png, id=281, 391.58295pt x 199.947pt>
File: Figures/ch5_valid_Inst_Ur.png Graphic file (type png)

<use Figures/ch5_valid_Inst_Ur.png>
Package pdftex.def Info: Figures/ch5_valid_Inst_Ur.png used on input line 134.
(pdftex.def)             Requested size: 172.79883pt x 88.23322pt.

<Figures/ch5_valid_Inst_solUz.png, id=282, 393.99194pt x 199.947pt>
File: Figures/ch5_valid_Inst_solUz.png Graphic file (type png)

<use Figures/ch5_valid_Inst_solUz.png>
Package pdftex.def Info: Figures/ch5_valid_Inst_solUz.png used on input line 13
9.
(pdftex.def)             Requested size: 172.79883pt x 87.6932pt.

<Figures/ch5_valid_Inst_solUr.png, id=283, 391.58295pt x 199.947pt>
File: Figures/ch5_valid_Inst_solUr.png Graphic file (type png)

<use Figures/ch5_valid_Inst_solUr.png>
Package pdftex.def Info: Figures/ch5_valid_Inst_solUr.png used on input line 14
4.
(pdftex.def)             Requested size: 172.79883pt x 88.23322pt.

<Figures/ch5_valid_Inst_potUz.png, id=284, 391.58295pt x 204.0423pt>
File: Figures/ch5_valid_Inst_potUz.png Graphic file (type png)

<use Figures/ch5_valid_Inst_potUz.png>
Package pdftex.def Info: Figures/ch5_valid_Inst_potUz.png used on input line 14
9.
(pdftex.def)             Requested size: 172.79883pt x 90.0404pt.

<Figures/ch5_valid_Inst_potUr.png, id=285, 391.58295pt x 201.99464pt>
File: Figures/ch5_valid_Inst_potUr.png Graphic file (type png)

<use Figures/ch5_valid_Inst_potUr.png>
Package pdftex.def Info: Figures/ch5_valid_Inst_potUr.png used on input line 15
4.
(pdftex.def)             Requested size: 172.79883pt x 89.13681pt.

Underfull \vbox (badness 10000) has occurred while \output is active []

 [34]
<Figures/ch5_valid_Inst_ps.png, id=289, 405.6756pt x 204.0423pt>
File: Figures/ch5_valid_Inst_ps.png Graphic file (type png)

<use Figures/ch5_valid_Inst_ps.png>
Package pdftex.def Info: Figures/ch5_valid_Inst_ps.png used on input line 181.
(pdftex.def)             Requested size: 252.94499pt x 127.2241pt.
 [35 <./Figures/ch5_valid_Inst_Uz.png> <./Figures/ch5_valid_Inst_Ur.png> <./Fig
ures/ch5_valid_Inst_solUz.png> <./Figures/ch5_valid_Inst_solUr.png> <./Figures/
ch5_valid_Inst_potUz.png> <./Figures/ch5_valid_Inst_potUr.png>]

LaTeX Warning: Reference `eq:source_integration' on page 36 undefined on input 
line 195.

<Figures/ch5_valid_Inst_source.png, id=299, 394.71465pt x 215.3646pt>
File: Figures/ch5_valid_Inst_source.png Graphic file (type png)

<use Figures/ch5_valid_Inst_source.png>
Package pdftex.def Info: Figures/ch5_valid_Inst_source.png used on input line 1
98.
(pdftex.def)             Requested size: 252.94499pt x 138.0136pt.

<Figures/sect_aeroacoustic_wvpkt_validation.png, id=300, 472.164pt x 337.7418pt
>
File: Figures/sect_aeroacoustic_wvpkt_validation.png Graphic file (type png)
 <use Figures/sect_aeroacoustic_wvpkt_validation.png>
Package pdftex.def Info: Figures/sect_aeroacoustic_wvpkt_validation.png used on
 input line 210.
(pdftex.def)             Requested size: 345.59766pt x 247.20912pt.
 [36 <./Figures/ch5_valid_Inst_ps.png>] [37 <./Figures/ch5_valid_Inst_source.pn
g> <./Figures/sect_aeroacoustic_wvpkt_validation.png>]
<Figures/ch5_St005_FF_v2.png, id=313, 369.66106pt x 218.85765pt>
File: Figures/ch5_St005_FF_v2.png Graphic file (type png)

<use Figures/ch5_St005_FF_v2.png>
Package pdftex.def Info: Figures/ch5_St005_FF_v2.png used on input line 247.
(pdftex.def)             Requested size: 252.94499pt x 149.75627pt.

<Figures/ch5_St025_FF_v3.png, id=314, 369.66106pt x 186.2157pt>
File: Figures/ch5_St025_FF_v3.png Graphic file (type png)

<use Figures/ch5_St025_FF_v3.png>
Package pdftex.def Info: Figures/ch5_St025_FF_v3.png used on input line 253.
(pdftex.def)             Requested size: 252.94499pt x 127.4206pt.

<Figures/ch5_St035_FF_v3.png, id=315, 366.28845pt x 184.5294pt>
File: Figures/ch5_St035_FF_v3.png Graphic file (type png)

<use Figures/ch5_St035_FF_v3.png>
Package pdftex.def Info: Figures/ch5_St035_FF_v3.png used on input line 258.
(pdftex.def)             Requested size: 252.94499pt x 127.4296pt.
 [38]
<Figures/ch5_St005_PSL_101.png, id=319, 385.44pt x 203.8014pt>
File: Figures/ch5_St005_PSL_101.png Graphic file (type png)

<use Figures/ch5_St005_PSL_101.png>
Package pdftex.def Info: Figures/ch5_St005_PSL_101.png used on input line 277.
(pdftex.def)             Requested size: 249.59766pt x 131.97487pt.

<Figures/ch5_St005_PSL_161.png, id=320, 385.44pt x 203.8014pt>
File: Figures/ch5_St005_PSL_161.png Graphic file (type png)

<use Figures/ch5_St005_PSL_161.png>
Package pdftex.def Info: Figures/ch5_St005_PSL_161.png used on input line 282.
(pdftex.def)             Requested size: 249.59766pt x 131.97487pt.

<Figures/ch5_St025_PSL_41.png, id=321, 385.44pt x 203.8014pt>
File: Figures/ch5_St025_PSL_41.png Graphic file (type png)

<use Figures/ch5_St025_PSL_41.png>
Package pdftex.def Info: Figures/ch5_St025_PSL_41.png used on input line 290.
(pdftex.def)             Requested size: 249.59766pt x 131.97487pt.
 [39 <./Figures/ch5_St005_FF_v2.png> <./Figures/ch5_St025_FF_v3.png> <./Figures
/ch5_St035_FF_v3.png>]

LaTeX Warning: Reference `fig:SL_St005' on page 40 undefined on input line 299.


<Figures/ch5_St005_SL_131.png, id=328, 385.44pt x 203.8014pt>
File: Figures/ch5_St005_SL_131.png Graphic file (type png)

<use Figures/ch5_St005_SL_131.png>
Package pdftex.def Info: Figures/ch5_St005_SL_131.png used on input line 307.
(pdftex.def)             Requested size: 249.59766pt x 131.97487pt.

<Figures/ch5_St025_SL_1.png, id=329, 385.44pt x 203.8014pt>
File: Figures/ch5_St025_SL_1.png Graphic file (type png)

<use Figures/ch5_St025_SL_1.png>
Package pdftex.def Info: Figures/ch5_St025_SL_1.png used on input line 313.
(pdftex.def)             Requested size: 249.59766pt x 131.97487pt.
 [40 <./Figures/ch5_St005_PSL_101.png> <./Figures/ch5_St005_PSL_161.png>]
<Figures/sect_acoustic_source_modulated_source.png, id=335, 465.1779pt x 340.63
26pt>
File: Figures/sect_acoustic_source_modulated_source.png Graphic file (type png)

 <use Figures/sect_acoustic_source_modulated_source.png>
Package pdftex.def Info: Figures/sect_acoustic_source_modulated_source.png used
 on input line 332.
(pdftex.def)             Requested size: 345.59766pt x 253.07771pt.
 [41 <./Figures/ch5_St025_PSL_41.png> <./Figures/ch5_St005_SL_131.png> <./Figur
es/ch5_St025_SL_1.png>]) [42 <./Figures/sect_acoustic_source_modulated_source.p
ng>]
\openout2 = `sect_conclusion.aux'.


(sect_conclusion.tex
Underfull \vbox (badness 10000) has occurred while \output is active []

 [43


])
[44] (MCrawley_JFM_2016.bbl
Underfull \vbox (badness 4454) has occurred while \output is active []

 [45

]
Missing character: There is no â in font cmr9!
Missing character: There is no € in font cmr9!
Missing character: There is no “ in font cmr9!

Underfull \vbox (badness 10000) has occurred while \output is active []

 [46])

Package natbib Warning: There were undefined citations.

[47] (MCrawley_JFM_2016.aux (sect_introduction.aux) (sect_methodology.aux)
(sect_nearfield.aux) (sect_velocity_reconstruction.aux)
(sect_acoustic_source.aux) (sect_conclusion.aux))

LaTeX Warning: There were undefined references.

 ) 
Here is how much of TeX's memory you used:
 3519 strings out of 493335
 53459 string characters out of 3139260
 112620 words of memory out of 3000000
 6870 multiletter control sequences out of 15000+200000
 16097 words of font info for 61 fonts, out of 3000000 for 9000
 1141 hyphenation exceptions out of 8191
 42i,10n,29p,1211b,349s stack positions out of 5000i,500n,10000p,200000b,50000s
<C:/Program Files/MiKTeX 2.9/fonts/type1/public/amsfonts/cm/cmbx10.pfb><C:/Pr
ogram Files/MiKTeX 2.9/fonts/type1/public/amsfonts/cm/cmbx12.pfb><C:/Program Fi
les/MiKTeX 2.9/fonts/type1/public/amsfonts/cm/cmbx8.pfb><C:/Program Files/MiKTe
X 2.9/fonts/type1/public/amsfonts/cm/cmbx9.pfb><C:/Program Files/MiKTeX 2.9/fon
ts/type1/public/amsfonts/cm/cmcsc10.pfb><C:/Program Files/MiKTeX 2.9/fonts/type
1/public/amsfonts/cm/cmex10.pfb><C:/Program Files/MiKTeX 2.9/fonts/type1/public
/amsfonts/cm/cmmi10.pfb><C:/Program Files/MiKTeX 2.9/fonts/type1/public/amsfont
s/cm/cmmi5.pfb><C:/Program Files/MiKTeX 2.9/fonts/type1/public/amsfonts/cm/cmmi
6.pfb><C:/Program Files/MiKTeX 2.9/fonts/type1/public/amsfonts/cm/cmmi7.pfb><C:
/Program Files/MiKTeX 2.9/fonts/type1/public/amsfonts/cm/cmmi9.pfb><C:/Program 
Files/MiKTeX 2.9/fonts/type1/public/amsfonts/cm/cmr10.pfb><C:/Program Files/MiK
TeX 2.9/fonts/type1/public/amsfonts/cm/cmr6.pfb><C:/Program Files/MiKTeX 2.9/fo
nts/type1/public/amsfonts/cm/cmr7.pfb><C:/Program Files/MiKTeX 2.9/fonts/type1/
public/amsfonts/cm/cmr9.pfb><C:/Program Files/MiKTeX 2.9/fonts/type1/public/ams
fonts/cm/cmsy10.pfb><C:/Program Files/MiKTeX 2.9/fonts/type1/public/amsfonts/cm
/cmsy6.pfb><C:/Program Files/MiKTeX 2.9/fonts/type1/public/amsfonts/cm/cmsy7.pf
b><C:/Program Files/MiKTeX 2.9/fonts/type1/public/amsfonts/cm/cmsy9.pfb><C:/Pro
gram Files/MiKTeX 2.9/fonts/type1/public/amsfonts/cm/cmti10.pfb><C:/Program Fil
es/MiKTeX 2.9/fonts/type1/public/amsfonts/cm/cmti8.pfb><C:/Program Files/MiKTeX
 2.9/fonts/type1/public/amsfonts/cm/cmti9.pfb><C:/Program Files/MiKTeX 2.9/font
s/type1/public/amsfonts/cm/cmtt10.pfb><C:/Program Files/MiKTeX 2.9/fonts/type1/
public/amsfonts/symbols/msam10.pfb>
Output written on MCrawley_JFM_2016.pdf (47 pages, 21534608 bytes).
PDF statistics:
 438 PDF objects out of 1000 (max. 8388607)
 0 named destinations out of 1000 (max. 500000)
 321 words of extra memory for PDF output out of 10000 (max. 10000000)

